\BOOKMARK [0][-]{Doc-Start}{Abstract}{}% 1
\BOOKMARK [0][-]{chapter*.2}{List of Tables}{}% 2
\BOOKMARK [0][-]{chapter*.3}{List of Figures}{}% 3
\BOOKMARK [0][-]{chapter*.4}{Nomenclature}{}% 4
\BOOKMARK [0][-]{chapter.1}{INTRODUCTION}{}% 5
\BOOKMARK [1][-]{section.1.1}{Overview}{chapter.1}% 6
\BOOKMARK [1][-]{section.1.2}{Background}{chapter.1}% 7
\BOOKMARK [1][-]{section.1.3}{Problem Statement}{chapter.1}% 8
\BOOKMARK [1][-]{section.1.4}{Objectives}{chapter.1}% 9
\BOOKMARK [1][-]{section.1.5}{Scope of the Project}{chapter.1}% 10
\BOOKMARK [2][-]{subsection.1.5.1}{In Scope}{section.1.5}% 11
\BOOKMARK [2][-]{subsection.1.5.2}{Out of Scope}{section.1.5}% 12
\BOOKMARK [1][-]{section.1.6}{Methodology}{chapter.1}% 13
\BOOKMARK [1][-]{section.1.7}{Organization of the Report}{chapter.1}% 14
\BOOKMARK [0][-]{chapter.2}{LITERATURE SURVEY}{}% 15
\BOOKMARK [1][-]{section.2.1}{Introduction}{chapter.2}% 16
\BOOKMARK [1][-]{section.2.2}{Evolution of Task Management Tools}{chapter.2}% 17
\BOOKMARK [1][-]{section.2.3}{Review of Existing Systems}{chapter.2}% 18
\BOOKMARK [2][-]{subsection.2.3.1}{Todoist}{section.2.3}% 19
\BOOKMARK [2][-]{subsection.2.3.2}{Microsoft To Do}{section.2.3}% 20
\BOOKMARK [2][-]{subsection.2.3.3}{Google Tasks}{section.2.3}% 21
\BOOKMARK [2][-]{subsection.2.3.4}{Any.do}{section.2.3}% 22
\BOOKMARK [1][-]{section.2.4}{Comparative Analysis}{chapter.2}% 23
\BOOKMARK [1][-]{section.2.5}{Relevant Technologies}{chapter.2}% 24
\BOOKMARK [2][-]{subsection.2.5.1}{HTML5}{section.2.5}% 25
\BOOKMARK [2][-]{subsection.2.5.2}{CSS3}{section.2.5}% 26
\BOOKMARK [2][-]{subsection.2.5.3}{JavaScript \(ES6+\)}{section.2.5}% 27
\BOOKMARK [2][-]{subsection.2.5.4}{Web Storage API}{section.2.5}% 28
\BOOKMARK [2][-]{subsection.2.5.5}{Document Object Model \(DOM\)}{section.2.5}% 29
\BOOKMARK [1][-]{section.2.6}{Research in Personal Productivity}{chapter.2}% 30
\BOOKMARK [2][-]{subsection.2.6.1}{Getting Things Done \(GTD\)}{section.2.6}% 31
\BOOKMARK [2][-]{subsection.2.6.2}{Zeigarnik Effect}{section.2.6}% 32
\BOOKMARK [1][-]{section.2.7}{Identified Gaps}{chapter.2}% 33
\BOOKMARK [1][-]{section.2.8}{Project Justification}{chapter.2}% 34
\BOOKMARK [0][-]{chapter.3}{SYSTEM REQUIREMENTS SPECIFICATION}{}% 35
\BOOKMARK [1][-]{section.3.1}{Introduction}{chapter.3}% 36
\BOOKMARK [1][-]{section.3.2}{Functional Requirements}{chapter.3}% 37
\BOOKMARK [2][-]{subsection.3.2.1}{Task Management}{section.3.2}% 38
\BOOKMARK [2][-]{subsection.3.2.2}{Task Organization}{section.3.2}% 39
\BOOKMARK [2][-]{subsection.3.2.3}{Data Persistence}{section.3.2}% 40
\BOOKMARK [2][-]{subsection.3.2.4}{User Interface}{section.3.2}% 41
\BOOKMARK [1][-]{section.3.3}{Non-Functional Requirements}{chapter.3}% 42
\BOOKMARK [2][-]{subsection.3.3.1}{Performance}{section.3.3}% 43
\BOOKMARK [2][-]{subsection.3.3.2}{Usability}{section.3.3}% 44
\BOOKMARK [2][-]{subsection.3.3.3}{Reliability}{section.3.3}% 45
\BOOKMARK [2][-]{subsection.3.3.4}{Compatibility}{section.3.3}% 46
\BOOKMARK [2][-]{subsection.3.3.5}{Security and Privacy}{section.3.3}% 47
\BOOKMARK [2][-]{subsection.3.3.6}{Maintainability}{section.3.3}% 48
\BOOKMARK [1][-]{section.3.4}{System Constraints}{chapter.3}% 49
\BOOKMARK [1][-]{section.3.5}{Hardware and Software Requirements}{chapter.3}% 50
\BOOKMARK [2][-]{subsection.3.5.1}{Minimum Requirements}{section.3.5}% 51
\BOOKMARK [1][-]{section.3.6}{Use Case Scenarios}{chapter.3}% 52
\BOOKMARK [2][-]{subsection.3.6.1}{Use Case 1: Adding a Task}{section.3.6}% 53
\BOOKMARK [2][-]{subsection.3.6.2}{Use Case 2: Completing a Task}{section.3.6}% 54
\BOOKMARK [1][-]{section.3.7}{Conclusion}{chapter.3}% 55
\BOOKMARK [0][-]{chapter.4}{SYSTEM DESIGN}{}% 56
\BOOKMARK [1][-]{section.4.1}{Introduction}{chapter.4}% 57
\BOOKMARK [1][-]{section.4.2}{System Architecture}{chapter.4}% 58
\BOOKMARK [2][-]{subsection.4.2.1}{Client-Side Architecture}{section.4.2}% 59
\BOOKMARK [1][-]{section.4.3}{Data Design}{chapter.4}% 60
\BOOKMARK [2][-]{subsection.4.3.1}{Task Object Structure}{section.4.3}% 61
\BOOKMARK [2][-]{subsection.4.3.2}{localStorage Schema}{section.4.3}% 62
\BOOKMARK [1][-]{section.4.4}{Entity-Relationship Diagram}{chapter.4}% 63
\BOOKMARK [1][-]{section.4.5}{Data Flow Diagrams}{chapter.4}% 64
\BOOKMARK [2][-]{subsection.4.5.1}{DFD Level 0}{section.4.5}% 65
\BOOKMARK [2][-]{subsection.4.5.2}{DFD Level 1}{section.4.5}% 66
\BOOKMARK [1][-]{section.4.6}{Use Case Diagram}{chapter.4}% 67
\BOOKMARK [1][-]{section.4.7}{Activity Diagram}{chapter.4}% 68
\BOOKMARK [1][-]{section.4.8}{Class Diagram}{chapter.4}% 69
\BOOKMARK [1][-]{section.4.9}{User Interface Design}{chapter.4}% 70
\BOOKMARK [2][-]{subsection.4.9.1}{Interface Layout}{section.4.9}% 71
\BOOKMARK [2][-]{subsection.4.9.2}{Color Scheme}{section.4.9}% 72
\BOOKMARK [1][-]{section.4.10}{Algorithm Design}{chapter.4}% 73
\BOOKMARK [2][-]{subsection.4.10.1}{Task Sorting Algorithm}{section.4.10}% 74
\BOOKMARK [1][-]{section.4.11}{Project Timeline}{chapter.4}% 75
\BOOKMARK [1][-]{section.4.12}{Security Considerations}{chapter.4}% 76
\BOOKMARK [1][-]{section.4.13}{Conclusion}{chapter.4}% 77
\BOOKMARK [0][-]{chapter.5}{IMPLEMENTATION}{}% 78
\BOOKMARK [1][-]{section.5.1}{Introduction}{chapter.5}% 79
\BOOKMARK [1][-]{section.5.2}{Development Environment}{chapter.5}% 80
\BOOKMARK [1][-]{section.5.3}{File Structure}{chapter.5}% 81
\BOOKMARK [1][-]{section.5.4}{HTML Implementation}{chapter.5}% 82
\BOOKMARK [1][-]{section.5.5}{CSS Implementation}{chapter.5}% 83
\BOOKMARK [1][-]{section.5.6}{JavaScript Implementation}{chapter.5}% 84
\BOOKMARK [2][-]{subsection.5.6.1}{Global Variables and Initialization}{section.5.6}% 85
\BOOKMARK [2][-]{subsection.5.6.2}{Add Task Function}{section.5.6}% 86
\BOOKMARK [2][-]{subsection.5.6.3}{Render Tasks Function}{section.5.6}% 87
\BOOKMARK [2][-]{subsection.5.6.4}{Toggle Complete Function}{section.5.6}% 88
\BOOKMARK [2][-]{subsection.5.6.5}{Delete Task Function}{section.5.6}% 89
\BOOKMARK [2][-]{subsection.5.6.6}{Initialization}{section.5.6}% 90
\BOOKMARK [1][-]{section.5.7}{Key Implementation Techniques}{chapter.5}% 91
\BOOKMARK [2][-]{subsection.5.7.1}{DOM Manipulation}{section.5.7}% 92
\BOOKMARK [2][-]{subsection.5.7.2}{Event Handling}{section.5.7}% 93
\BOOKMARK [2][-]{subsection.5.7.3}{Data Persistence}{section.5.7}% 94
\BOOKMARK [2][-]{subsection.5.7.4}{Array Manipulation}{section.5.7}% 95
\BOOKMARK [2][-]{subsection.5.7.5}{Date Handling}{section.5.7}% 96
\BOOKMARK [1][-]{section.5.8}{Implementation Challenges and Solutions}{chapter.5}% 97
\BOOKMARK [2][-]{subsection.5.8.1}{Optional Date/Time Fields}{section.5.8}% 98
\BOOKMARK [2][-]{subsection.5.8.2}{Task Sorting Logic}{section.5.8}% 99
\BOOKMARK [1][-]{section.5.9}{Code Quality Practices}{chapter.5}% 100
\BOOKMARK [1][-]{section.5.10}{Conclusion}{chapter.5}% 101
\BOOKMARK [0][-]{chapter.6}{TESTING AND VALIDATION}{}% 102
\BOOKMARK [1][-]{section.6.1}{Introduction}{chapter.6}% 103
\BOOKMARK [1][-]{section.6.2}{Testing Strategy and Metrics}{chapter.6}% 104
\BOOKMARK [1][-]{section.6.3}{Testing Methodologies}{chapter.6}% 105
\BOOKMARK [2][-]{subsection.6.3.1}{Unit Testing}{section.6.3}% 106
\BOOKMARK [2][-]{subsection.6.3.2}{System Testing}{section.6.3}% 107
\BOOKMARK [2][-]{subsection.6.3.3}{User Acceptance Testing \(UAT\)}{section.6.3}% 108
\BOOKMARK [1][-]{section.6.4}{Proof of Correctness \(Success vs. Error\)}{chapter.6}% 109
\BOOKMARK [2][-]{subsection.6.4.1}{When is a test "Successful"?}{section.6.4}% 110
\BOOKMARK [2][-]{subsection.6.4.2}{When is it an "Error"?}{section.6.4}% 111
\BOOKMARK [1][-]{section.6.5}{Detailed Test Cases}{chapter.6}% 112
\BOOKMARK [1][-]{section.6.6}{Proof through LocalStorage Verification}{chapter.6}% 113
\BOOKMARK [1][-]{section.6.7}{User Feedback and Results}{chapter.6}% 114
\BOOKMARK [1][-]{section.6.8}{Conclusion}{chapter.6}% 115
\BOOKMARK [0][-]{chapter.7}{RESULTS AND DISCUSSION}{}% 116
\BOOKMARK [1][-]{section.7.1}{Introduction}{chapter.7}% 117
\BOOKMARK [1][-]{section.7.2}{Final Application Features}{chapter.7}% 118
\BOOKMARK [2][-]{subsection.7.2.1}{Core Functionality}{section.7.2}% 119
\BOOKMARK [2][-]{subsection.7.2.2}{User Interface}{section.7.2}% 120
\BOOKMARK [1][-]{section.7.3}{Performance Analysis}{chapter.7}% 121
\BOOKMARK [1][-]{section.7.4}{Storage Efficiency}{chapter.7}% 122
\BOOKMARK [1][-]{section.7.5}{Browser Compatibility}{chapter.7}% 123
\BOOKMARK [1][-]{section.7.6}{Objectives Achievement}{chapter.7}% 124
\BOOKMARK [2][-]{subsection.7.6.1}{Primary Objectives}{section.7.6}% 125
\BOOKMARK [1][-]{section.7.7}{Strengths}{chapter.7}% 126
\BOOKMARK [1][-]{section.7.8}{Limitations}{chapter.7}% 127
\BOOKMARK [1][-]{section.7.9}{Comparison with Existing Solutions}{chapter.7}% 128
\BOOKMARK [1][-]{section.7.10}{Learning Outcomes}{chapter.7}% 129
\BOOKMARK [2][-]{subsection.7.10.1}{Technical Skills}{section.7.10}% 130
\BOOKMARK [2][-]{subsection.7.10.2}{Software Engineering}{section.7.10}% 131
\BOOKMARK [1][-]{section.7.11}{Conclusion}{chapter.7}% 132
\BOOKMARK [0][-]{chapter.8}{CONCLUSION AND FUTURE SCOPE}{}% 133
\BOOKMARK [1][-]{section.8.1}{Conclusion}{chapter.8}% 134
\BOOKMARK [2][-]{subsection.8.1.1}{Project Summary}{section.8.1}% 135
\BOOKMARK [2][-]{subsection.8.1.2}{Achievement of Objectives}{section.8.1}% 136
\BOOKMARK [2][-]{subsection.8.1.3}{Key Accomplishments}{section.8.1}% 137
\BOOKMARK [2][-]{subsection.8.1.4}{Challenges Overcome}{section.8.1}% 138
\BOOKMARK [2][-]{subsection.8.1.5}{Lessons Learned}{section.8.1}% 139
\BOOKMARK [2][-]{subsection.8.1.6}{Project Significance}{section.8.1}% 140
\BOOKMARK [1][-]{section.8.2}{Future Scope}{chapter.8}% 141
\BOOKMARK [2][-]{subsection.8.2.1}{Immediate Enhancements}{section.8.2}% 142
\BOOKMARK [2][-]{subsection.8.2.2}{Medium-Term Enhancements}{section.8.2}% 143
\BOOKMARK [2][-]{subsection.8.2.3}{Long-Term Enhancements}{section.8.2}% 144
\BOOKMARK [2][-]{subsection.8.2.4}{Responsive Design Enhancement}{section.8.2}% 145
\BOOKMARK [2][-]{subsection.8.2.5}{Accessibility Improvements}{section.8.2}% 146
\BOOKMARK [2][-]{subsection.8.2.6}{Performance Optimizations}{section.8.2}% 147
\BOOKMARK [1][-]{section.8.3}{Recommendations}{chapter.8}% 148
\BOOKMARK [2][-]{subsection.8.3.1}{For Users}{section.8.3}% 149
\BOOKMARK [2][-]{subsection.8.3.2}{For Developers}{section.8.3}% 150
\BOOKMARK [2][-]{subsection.8.3.3}{For Future Development}{section.8.3}% 151
\BOOKMARK [1][-]{section.8.4}{Final Remarks}{chapter.8}% 152
\BOOKMARK [0][-]{chapter*.21}{References}{}% 153
